<?xml version="1.0" encoding="UTF-8"?>
<testng-results ignored="0" total="1" passed="1" failed="0" skipped="0">
  <reporter-output>
  </reporter-output>
  <suite started-at="2024-07-20T19:49:54 IST" name="Default suite" finished-at="2024-07-20T19:49:58 IST" duration-ms="3988">
    <groups>
    </groups>
    <test started-at="2024-07-20T19:49:54 IST" name="Default test" finished-at="2024-07-20T19:49:58 IST" duration-ms="3988">
      <class name="JenkinsProject1.openWebsite">
        <test-method signature="website()[pri:0, instance:JenkinsProject1.openWebsite@4218d6a3]" started-at="2024-07-20T19:49:54 IST" name="website" finished-at="2024-07-20T19:49:58 IST" duration-ms="3937" status="PASS">
          <reporter-output>
          </reporter-output>
        </test-method> <!-- website -->
      </class> <!-- JenkinsProject1.openWebsite -->
    </test> <!-- Default test -->
  </suite> <!-- Default suite -->
</testng-results>
